<?xml version="1.0" encoding="UTF-8"?>
<testng-results ignored="0" total="2" passed="2" failed="0" skipped="0">
  <reporter-output>
  </reporter-output>
  <suite started-at="2023-04-04T13:07:46 IST" name="Suite" finished-at="2023-04-04T13:08:08 IST" duration-ms="22362">
    <groups>
    </groups>
    <test started-at="2023-04-04T13:07:46 IST" name="Test" finished-at="2023-04-04T13:07:59 IST" duration-ms="13218">
      <class name="TestSuite.LoginTestSuite">
        <test-method is-config="true" signature="setup()[pri:0, instance:TestSuite.LoginTestSuite@815b41f]" started-at="2023-04-04T13:07:46 IST" name="setup" finished-at="2023-04-04T13:07:57 IST" duration-ms="11125" status="PASS">
          <reporter-output>
          </reporter-output>
        </test-method> <!-- setup -->
        <test-method signature="userLogin()[pri:1, instance:TestSuite.LoginTestSuite@815b41f]" started-at="2023-04-04T13:07:57 IST" name="userLogin" finished-at="2023-04-04T13:07:58 IST" duration-ms="810" status="PASS">
          <reporter-output>
          </reporter-output>
        </test-method> <!-- userLogin -->
        <test-method is-config="true" signature="teardown()[pri:0, instance:TestSuite.LoginTestSuite@815b41f]" started-at="2023-04-04T13:07:58 IST" name="teardown" finished-at="2023-04-04T13:07:59 IST" duration-ms="1174" status="PASS">
          <reporter-output>
          </reporter-output>
        </test-method> <!-- teardown -->
      </class> <!-- TestSuite.LoginTestSuite -->
    </test> <!-- Test -->
    <test started-at="2023-04-04T13:07:59 IST" name="Test2" finished-at="2023-04-04T13:08:08 IST" duration-ms="9094">
      <class name="TestSuite.HomeTestSuite">
        <test-method is-config="true" signature="setup()[pri:0, instance:TestSuite.HomeTestSuite@2925bf5b]" started-at="2023-04-04T13:07:59 IST" name="setup" finished-at="2023-04-04T13:08:05 IST" duration-ms="5938" status="PASS">
          <reporter-output>
          </reporter-output>
        </test-method> <!-- setup -->
        <test-method signature="userAddItemtoCartAndRemove()[pri:1, instance:TestSuite.HomeTestSuite@2925bf5b]" started-at="2023-04-04T13:08:05 IST" name="userAddItemtoCartAndRemove" finished-at="2023-04-04T13:08:06 IST" duration-ms="1709" status="PASS">
          <reporter-output>
          </reporter-output>
        </test-method> <!-- userAddItemtoCartAndRemove -->
        <test-method is-config="true" signature="teardown()[pri:0, instance:TestSuite.HomeTestSuite@2925bf5b]" started-at="2023-04-04T13:08:06 IST" name="teardown" finished-at="2023-04-04T13:08:08 IST" duration-ms="1445" status="PASS">
          <reporter-output>
          </reporter-output>
        </test-method> <!-- teardown -->
      </class> <!-- TestSuite.HomeTestSuite -->
    </test> <!-- Test2 -->
  </suite> <!-- Suite -->
</testng-results>
